<?xml version="1.0" encoding="UTF-8"?>
<!-- Generated by org.testng.reporters.JUnitReportReporter -->
<testsuite hostname="DESKTOP-ECJ0OIO" failures="0" tests="1" name="Pages.readExcel" time="0.478" errors="0" timestamp="2022-05-29T03:06:06 IST" skipped="0">
  <testcase classname="Pages.readExcel" name="readXcel" time="0.478"/>
  <system-out/>
</testsuite> <!-- Pages.readExcel -->
