<?xml version="1.0" encoding="UTF-8"?>
<!-- Generated by org.testng.reporters.JUnitReportReporter -->
<testsuite hostname="DESKTOP-ECJ0OIO" failures="0" tests="3" name="Pages.LoginPage" time="0.013" errors="0" timestamp="2022-05-29T01:39:05 IST" skipped="0">
  <testcase classname="Pages.LoginPage" name="register" time="0.010"/>
  <system-out/>
  <testcase classname="Pages.LoginPage" name="signUp" time="0.002"/>
  <system-out/>
  <testcase classname="Pages.LoginPage" name="about" time="0.001"/>
  <system-out/>
</testsuite> <!-- Pages.LoginPage -->
