<?xml version="1.0" encoding="UTF-8"?>
<!-- Generated by org.testng.reporters.JUnitReportReporter -->
<testsuite hostname="DESKTOP-ECJ0OIO" failures="0" tests="2" name="Pages.softAssert" time="10.963" errors="0" timestamp="2022-05-30T00:48:11 IST" skipped="1">
  <testcase classname="Pages.softAssert" name="links" time="10.963"/>
  <system-out/>
  <testcase classname="Pages.softAssert" name="login">
    <skipped/>
  </testcase> <!-- login -->
  <system-out/>
</testsuite> <!-- Pages.softAssert -->
