<?xml version="1.0" encoding="UTF-8"?>
<!-- Generated by org.testng.reporters.JUnitReportReporter -->
<testsuite hostname="DESKTOP-ECJ0OIO" failures="0" tests="1" name="Pages.brokenLinks" time="80.565" errors="0" timestamp="2022-06-06T02:17:56 IST" skipped="0">
  <testcase classname="Pages.brokenLinks" name="brokenLink" time="80.565"/>
  <system-out/>
</testsuite> <!-- Pages.brokenLinks -->
